<?xml version="1.0" encoding="UTF-8"?>
<testng-results ignored="0" total="1" passed="1" failed="0" skipped="0">
  <reporter-output>
  </reporter-output>
  <suite started-at="2021-08-19T12:25:36Z" name="Default suite" finished-at="2021-08-19T12:25:36Z" duration-ms="54">
    <groups>
    </groups>
    <test started-at="2021-08-19T12:25:36Z" name="Default test" finished-at="2021-08-19T12:25:36Z" duration-ms="54">
      <class name="com.swaglabs.testcases.TestClass">
        <test-method signature="testDemo()[pri:0, instance:com.swaglabs.testcases.TestClass@291f18]" started-at="2021-08-19T12:25:36Z" name="testDemo" finished-at="2021-08-19T12:25:36Z" duration-ms="14" status="PASS">
          <reporter-output>
          </reporter-output>
        </test-method> <!-- testDemo -->
      </class> <!-- com.swaglabs.testcases.TestClass -->
    </test> <!-- Default test -->
  </suite> <!-- Default suite -->
</testng-results>
