<?xml version="1.0" encoding="UTF-8"?>
<!-- Generated by org.testng.reporters.JUnitXMLReporter -->
<testsuite ignored="0" hostname="LAPTOP-7N9U184H" failures="0" tests="4" name="AllUsersLoginTest" time="90.791" errors="0" timestamp="22 Aug 2021 05:20:33 GMT">
  <testcase classname="com.swaglabs.testcases.LoginTest" name="loginAsLockedUser" time="3.082"/>
  <testcase classname="com.swaglabs.testcases.LoginTest" name="loginAsPerformanceGlitchUser" time="0.726"/>
  <testcase classname="com.swaglabs.testcases.LoginTest" name="loginAsProblemUser" time="0.716"/>
  <testcase classname="com.swaglabs.testcases.LoginTest" name="loginAsStandardUser" time="1.2"/>
</testsuite> <!-- AllUsersLoginTest -->
