<?xml version="1.0" encoding="UTF-8"?>
<!-- Generated by org.testng.reporters.JUnitXMLReporter -->
<testsuite ignored="0" hostname="LAPTOP-7N9U184H" failures="0" tests="4" name="Test" time="17.527" errors="0" timestamp="22 Aug 2021 04:01:19 GMT">
  <testcase classname="com.swaglabs.testcases.LoginTest" name="loginAsLockedUser" time="0.601"/>
  <testcase classname="com.swaglabs.testcases.LoginTest" name="loginAsPerformanceGlitchUser" time="0.512"/>
  <testcase classname="com.swaglabs.testcases.LoginTest" name="loginAsProblemUser" time="0.513"/>
  <testcase classname="com.swaglabs.testcases.LoginTest" name="loginAsStandardUser" time="0.49"/>
</testsuite> <!-- Test -->
