<?xml version="1.0" encoding="UTF-8"?>
<!-- Generated by org.testng.reporters.JUnitXMLReporter -->
<testsuite ignored="0" hostname="LAPTOP-7N9U184H" failures="0" tests="4" name="Default test" time="6.735" errors="0" timestamp="22 Aug 2021 03:58:03 GMT">
  <testcase classname="com.swaglabs.testcases.LoginTest" name="loginAsLockedUser" time="0.604"/>
  <testcase classname="com.swaglabs.testcases.LoginTest" name="loginAsPerformanceGlitchUser" time="0.354"/>
  <testcase classname="com.swaglabs.testcases.LoginTest" name="loginAsProblemUser" time="0.285"/>
  <testcase classname="com.swaglabs.testcases.LoginTest" name="loginAsStandardUser" time="0.271"/>
</testsuite> <!-- Default test -->
