<?xml version="1.0" encoding="UTF-8"?>
<!-- Generated by org.testng.reporters.JUnitXMLReporter -->
<testsuite ignored="0" hostname="LAPTOP-7N9U184H" failures="0" tests="4" name="Default test" time="19.651" errors="0" timestamp="22 Aug 2021 04:44:23 GMT">
  <testcase classname="com.swaglabs.testcases.LoginTest" name="loginAsLockedUser" time="0.703"/>
  <testcase classname="com.swaglabs.testcases.LoginTest" name="loginAsPerformanceGlitchUser" time="0.551"/>
  <testcase classname="com.swaglabs.testcases.LoginTest" name="loginAsProblemUser" time="0.533"/>
  <testcase classname="com.swaglabs.testcases.LoginTest" name="loginAsStandardUser" time="0.566"/>
</testsuite> <!-- Default test -->
